# JRE version: OpenJDK Runtime Environment (11.0.11+9) (build 11.0.11+9-b60-7590822)
# Java VM: OpenJDK 64-Bit Server VM (11.0.11+9-b60-7590822, mixed mode, tiered, compressed oops, g1 gc, windows-amd64)
Heap:
 garbage-first heap   total 258048K, used 40688K [0x0000000080000000, 0x0000000100000000)
  region size 1024K, 25 young (25600K), 3 survivors (3072K)
 Metaspace       used 27822K, capacity 28490K, committed 28544K, reserved 1073152K
  class space    used 3699K, capacity 3939K, committed 3968K, reserved 1048576K
GC Heap History (6 events):
Event: 0.828 GC heap before
{Heap before GC invocations=0 (full 0):
 garbage-first heap   total 258048K, used 29696K [0x0000000080000000, 0x0000000100000000)
  region size 1024K, 24 young (24576K), 0 survivors (0K)
 Metaspace       used 9857K, capacity 10050K, committed 10112K, reserved 1058816K
  class space    used 1027K, capacity 1102K, committed 1152K, reserved 1048576K
}
Event: 0.832 GC heap after
{Heap after GC invocations=1 (full 0):
 garbage-first heap   total 258048K, used 9161K [0x0000000080000000, 0x0000000100000000)
  region size 1024K, 3 young (3072K), 3 survivors (3072K)
 Metaspace       used 9857K, capacity 10050K, committed 10112K, reserved 1058816K
  class space    used 1027K, capacity 1102K, committed 1152K, reserved 1048576K
}
Event: 2.370 GC heap before
{Heap before GC invocations=1 (full 0):
 garbage-first heap   total 258048K, used 107465K [0x0000000080000000, 0x0000000100000000)
  region size 1024K, 100 young (102400K), 3 survivors (3072K)
 Metaspace       used 20593K, capacity 21081K, committed 21248K, reserved 1067008K
  class space    used 2537K, capacity 2695K, committed 2816K, reserved 1048576K
}
Event: 2.378 GC heap after
{Heap after GC invocations=2 (full 0):
 garbage-first heap   total 258048K, used 16650K [0x0000000080000000, 0x0000000100000000)
  region size 1024K, 11 young (11264K), 11 survivors (11264K)
 Metaspace       used 20593K, capacity 21081K, committed 21248K, reserved 1067008K
  class space    used 2537K, capacity 2695K, committed 2816K, reserved 1048576K
}
Event: 2.843 GC heap before
{Heap before GC invocations=3 (full 0):
 garbage-first heap   total 258048K, used 68874K [0x0000000080000000, 0x0000000100000000)
  region size 1024K, 63 young (64512K), 11 survivors (11264K)
 Metaspace       used 26041K, capacity 26633K, committed 26752K, reserved 1073152K
  class space    used 3413K, capacity 3616K, committed 3712K, reserved 1048576K
}
Event: 2.848 GC heap after
{Heap after GC invocations=4 (full 0):
 garbage-first heap   total 258048K, used 19184K [0x0000000080000000, 0x0000000100000000)
  region size 1024K, 3 young (3072K), 3 survivors (3072K)
 Metaspace       used 26041K, capacity 26633K, committed 26752K, reserved 1073152K
  class space    used 3413K, capacity 3616K, committed 3712K, reserved 1048576K
}

